This is pdfTeX, Version 3.14159265-2.6-1.40.17 (TeX Live 2016) (preloaded format=mex 2017.1.27)  19 JUN 2017 22:07
entering extended mode
 restricted \write18 enabled.
 %&-line parsing enabled.
**fv_cache.cc
(./fv_cache.cc
This is MeX  Version 1.05  18 XII 1993  (B. Jackowski & M. Ry\'cko)

Overfull \hbox (11.50858pt too wide) in paragraph at lines 1--12
\tenrm CO-PY-ING if you use this file (or a por-tion of it) in // your pro-ject
. // ------------------------------------------------------- |

\hbox(7.5+2.5)x469.75499, glue set - 1.0
.\tenrm C
.\tenrm O
.\discretionary
..\tenrm -
.\tenrm P
.\tenrm Y
.etc.

! You can't use `macro parameter character #' in vertical mode.
l.13 #
      include "mex.h"
? n
Type <return> to proceed, S to scroll future error messages,
R to run without stopping, Q to run quietly,
I to insert something, E to edit your file,
1 or ... or 9 to ignore the next 1 to 9 tokens of input,
H for help, X to quit.
? X
No pages of output.
